<?xml version="1.0" encoding="UTF-8"?>
<!-- Generated by org.testng.reporters.JUnitReportReporter -->
<testsuite hostname="DESKTOP-9JQC720" failures="0" tests="1" name="TestUser.TestSingleUsers" time="0.187" errors="0" timestamp="2022-06-11T14:36:17 WITA" skipped="0">
  <testcase classname="TestUser.TestSingleUsers" name="pertama" time="0.187"/>
  <system-out/>
</testsuite> <!-- TestUser.TestSingleUsers -->
