<?xml version="1.0" encoding="UTF-8"?>
<!-- Generated by org.testng.reporters.JUnitReportReporter -->
<testsuite hostname="DESKTOP-9JQC720" failures="0" tests="1" name="TestUser.ListUsersTest" time="4.742" errors="0" timestamp="2022-06-11T14:36:17 WITA" skipped="0">
  <testcase classname="TestUser.ListUsersTest" name="successGetUsers" time="4.742"/>
  <system-out/>
</testsuite> <!-- TestUser.ListUsersTest -->
